<?xml version="1.0" encoding="UTF-8"?>
<!-- Generated by org.testng.reporters.JUnitXMLReporter -->
<testsuite ignored="0" hostname="DESKTOP-QVDFO1Q" failures="0" tests="9" name="Command line test" time="94.956" errors="0" timestamp="2022-12-02T13:24:07 MSK">
  <testcase classname="test.addToBagTest" name="CheckIfAddedTest" time="9.098"/>
  <testcase classname="test.CheckoutFinalPriceCompareTest" name="CheckIfCheckoutPriceIsRight" time="13.396"/>
  <testcase classname="test.CheckQuantityCorrectionTest" name="CheckIfAddedTest" time="10.423"/>
  <testcase classname="test.FilterTest" name="CheckIfAddedTest" time="5.752"/>
  <testcase classname="test.IncreaseQuantityTest" name="CheckIfAddedTest" time="8.565"/>
  <testcase classname="test.LoginTest" name="CheckIfAddedTest" time="5.801"/>
  <testcase classname="test.PostPoneTest" name="CheckIfPostPoneWorksTest" time="10.417"/>
  <testcase classname="test.RemoveFromBagTest" name="CheckIfRemoveTest" time="9.033"/>
  <testcase classname="test.SearchTest" name="SearchTest" time="5.049"/>
</testsuite> <!-- Command line test -->
